<?xml version="1.0" encoding="UTF-8"?>
<!-- Generated by org.testng.reporters.JUnitReportReporter -->
<testsuite hostname="DESKTOP-75OLIUH" name="cucumber.features.StepDefinition_MC" tests="1" failures="0" timestamp="24 Nov 2017 01:20:49 GMT" time="49.136" errors="0">
  <testcase name="MyTest" time="49.136" classname="cucumber.features.StepDefinition_MC"/>
</testsuite> <!-- cucumber.features.StepDefinition_MC -->
